<?xml version="1.0" encoding="UTF-8"?>
<testng-results ignored="0" total="1" passed="1" failed="0" skipped="0">
  <reporter-output>
  </reporter-output>
  <suite started-at="2026-02-17T12:57:13 IST" name="Default suite" finished-at="2026-02-17T12:57:31 IST" duration-ms="18112">
    <groups>
    </groups>
    <test started-at="2026-02-17T12:57:13 IST" name="Default test" finished-at="2026-02-17T12:57:31 IST" duration-ms="18112">
      <class name="tests.RegisterTest">
        <test-method is-config="true" signature="setUp()[pri:0, instance:tests.RegisterTest@480d3575]" started-at="2026-02-17T12:57:13 IST" name="setUp" finished-at="2026-02-17T12:57:25 IST" duration-ms="12103" status="PASS">
          <reporter-output>
          </reporter-output>
        </test-method> <!-- setUp -->
        <test-method signature="RigisterTestLogin()[pri:0, instance:tests.RegisterTest@480d3575]" started-at="2026-02-17T12:57:25 IST" name="RigisterTestLogin" finished-at="2026-02-17T12:57:31 IST" duration-ms="5859" status="PASS">
          <reporter-output>
          </reporter-output>
        </test-method> <!-- RigisterTestLogin -->
      </class> <!-- tests.RegisterTest -->
    </test> <!-- Default test -->
  </suite> <!-- Default suite -->
</testng-results>
